/Users/xeonstaf/Library/Java/JavaVirtualMachines/azul-16.0.2/Contents/Home/bin/java -javaagent:/Users/xeonstaf/Library/Application Support/JetBrains/Toolbox/apps/IDEA-U/ch-0/213.6777.52/IntelliJ IDEA.app/Contents/lib/idea_rt.jar=49252:/Users/xeonstaf/Library/Application Support/JetBrains/Toolbox/apps/IDEA-U/ch-0/213.6777.52/IntelliJ IDEA.app/Contents/bin -Dfile.encoding=UTF-8 -classpath /Users/xeonstaf/IdeaProjects/tinkoff-api/build/classes/kotlin/main:/Users/xeonstaf/.gradle/caches/modules-2/files-2.1/io.github.rybalkinsd/kohttp/0.11.1/1f3eb436ad3e77c7e6b91b224404110679bc801e/kohttp-0.11.1.jar:/Users/xeonstaf/.gradle/caches/modules-2/files-2.1/com.squareup.okhttp3/logging-interceptor/4.9.0/f9ce50fc73074fc4e7bde6e177e8bb4792045e/logging-interceptor-4.9.0.jar:/Users/xeonstaf/.gradle/caches/modules-2/files-2.1/org.jetbrains.kotlin/kotlin-stdlib/1.5.0/29dae2501ca094416d15af0e21470cb634780444/kotlin-stdlib-1.5.0.jar:/Users/xeonstaf/.gradle/caches/modules-2/files-2.1/org.slf4j/slf4j-api/1.7.29/e56bf4473a4c6b71c7dd397a833dce86d1993d9d/slf4j-api-1.7.29.jar:/Users/xeonstaf/.gradle/caches/modules-2/files-2.1/io.github.microutils/kotlin-logging/1.12.5/a081a25aeb743ee095e7f6db420b147abc075fea/kotlin-logging-1.12.5.jar:/Users/xeonstaf/.gradle/caches/modules-2/files-2.1/org.jetbrains.kotlinx/kotlinx-coroutines-core/1.2.1/3839faf625f4197acaeceeb6da000f011a2acb49/kotlinx-coroutines-core-1.2.1.jar:/Users/xeonstaf/.gradle/caches/modules-2/files-2.1/com.squareup.okhttp3/okhttp/4.9.0/8e17601d3bdc8cf57902c154de021931d2c27c1/okhttp-4.9.0.jar:/Users/xeonstaf/.gradle/caches/modules-2/files-2.1/org.jetbrains.kotlinx/kotlinx-serialization-json-jvm/1.2.1/331ae06aefd6c6827c6f10589072ee1845a950c/kotlinx-serialization-json-jvm-1.2.1.jar:/Users/xeonstaf/.gradle/caches/modules-2/files-2.1/org.jetbrains.kotlin/kotlin-stdlib-jdk8/1.4.10/998caa30623f73223194a8b657abd2baec4880ea/kotlin-stdlib-jdk8-1.4.10.jar:/Users/xeonstaf/.gradle/caches/modules-2/files-2.1/org.jetbrains.kotlin/kotlin-stdlib-common/1.5.0/4080d69efca5e39e9b4972f125e40f1607bd6460/kotlin-stdlib-common-1.5.0.jar:/Users/xeonstaf/.gradle/caches/modules-2/files-2.1/org.jetbrains/annotations/13.0/919f0dfe192fb4e063e7dacadee7f8bb9a2672a9/annotations-13.0.jar:/Users/xeonstaf/.gradle/caches/modules-2/files-2.1/com.squareup.okio/okio/2.8.0/49b64e09d81c0cc84b267edd0c2fd7df5a64c78c/okio-jvm-2.8.0.jar:/Users/xeonstaf/.gradle/caches/modules-2/files-2.1/org.jetbrains.kotlin/kotlin-stdlib-jdk7/1.4.10/30e46450b0bb3dbf43898d2f461be4a942784780/kotlin-stdlib-jdk7-1.4.10.jar:/Users/xeonstaf/.gradle/caches/modules-2/files-2.1/org.jetbrains.kotlinx/kotlinx-serialization-core-jvm/1.2.1/e472959f7e506bc534549002adee5a4f12a8fae3/kotlinx-serialization-core-jvm-1.2.1.jar ru.mejiomah17.tinkoff.api.TinkoffKt
SLF4J: Failed to load class "org.slf4j.impl.StaticLoggerBinder".
SLF4J: Defaulting to no-operation (NOP) logger implementation
SLF4J: See http://www.slf4j.org/codes.html#StaticLoggerBinder for further details.
--> POST https://api.tinkoff.ru/v1/auth/session
Content-Type: application/x-www-form-urlencoded
Content-Length: 496
user-agent: HUAWEI MAR-LX1M/android: 10/TCSMB/5.8.1

mobile_device_model=MAR-LX1M&mobile_device_os=android&appVersion=5.8.1&screen_width=1080&root_flag=false&appName=mobile&origin=mobile%2Cib5%2Cloyalty%2Cplatform&connectionType=WiFi&platform=android&screen_dpi=480&mobile_device_os_version=10&screen_height=2107&appsflyer_uid=1610221902223-9226330507306162632&fingerprint=HUAWEI%20MAR-LX1M%2Fandroid%3A%2010%2FTCSMB%2F5.8.1%23%23%231080x2312x32%23%23%23180%23%23%23false%23%23%23false%23%23%23&deviceId=29bdaa0ecbb24723&oldDeviceId=29bdaa0ecbb24723
--> END POST (496-byte body)
<-- 200 https://api.tinkoff.ru/v1/auth/session (216ms)
date: Sat, 09 Jul 2022 10:35:15 GMT
content-type: application/json;charset=UTF-8
content-length: 130
access-control-allow-methods: GET, POST, PUT, DELETE, HEAD
cache-control: max-age=1
expires: Sat, 09 Jul 2022 10:35:16 GMT
last-modified: Sat, 09 Jul 2022 10:39:00 GMT
server: MSX Turbo R (R900) Web Server 1.13
x-powered-by: MSX Basic Web Clustered Engine (WCE pi) - NG
pragma: no-cache
cache-control: no-cache, must-revalidate, proxy-revalidate, no-store
x-edge-processing-time: 9
strict-transport-security: max-age=63072000

{"resultCode":"OK","payload":{"sessionid":"lXrLTv7ebGzVcfyMYR5aIN0zl8mLiZR5.m1-prod-api94","ttl":599995},"trackingId":"37DDLG1CA"}
<-- END HTTP (130-byte body)
--> POST https://api.tinkoff.ru/v1/warmup_cache?sessionid=lXrLTv7ebGzVcfyMYR5aIN0zl8mLiZR5.m1-prod-api94
Content-Type: application/x-www-form-urlencoded
Content-Length: 517
user-agent: HUAWEI MAR-LX1M/android: 10/TCSMB/5.8.1

phone=%2B79505830388&mobile_device_model=MAR-LX1M&mobile_device_os=android&appVersion=5.8.1&screen_width=1080&root_flag=false&appName=mobile&origin=mobile%2Cib5%2Cloyalty%2Cplatform&connectionType=WiFi&platform=android&screen_dpi=480&mobile_device_os_version=10&screen_height=2107&appsflyer_uid=1610221902223-9226330507306162632&fingerprint=HUAWEI%20MAR-LX1M%2Fandroid%3A%2010%2FTCSMB%2F5.8.1%23%23%231080x2312x32%23%23%23180%23%23%23false%23%23%23false%23%23%23&deviceId=29bdaa0ecbb24723&oldDeviceId=29bdaa0ecbb24723
--> END POST (517-byte body)
<-- 200 https://api.tinkoff.ru/v1/warmup_cache?sessionid=lXrLTv7ebGzVcfyMYR5aIN0zl8mLiZR5.m1-prod-api94 (80ms)
date: Sat, 09 Jul 2022 10:39:00 GMT
content-type: application/json;charset=UTF-8
content-length: 44
access-control-allow-origin: *
access-control-allow-methods: GET, POST, PUT, DELETE, HEAD
cache-control: max-age=1
expires: Sat, 09 Jul 2022 10:39:01 GMT
last-modified: Sat, 09 Jul 2022 10:39:00 GMT
server: MSX Turbo R (R900) Web Server 1.13
x-powered-by: MSX Basic Web Clustered Engine (WCE pi) - NG
pragma: no-cache
cache-control: no-cache, must-revalidate, proxy-revalidate, no-store
x-edge-processing-time: 7
strict-transport-security: max-age=63072000

{"resultCode":"OK","trackingId":"PVA0QBHB1"}
<-- END HTTP (44-byte body)
--> POST https://api.tinkoff.ru/v1/auth/by/phone?sessionid=lXrLTv7ebGzVcfyMYR5aIN0zl8mLiZR5.m1-prod-api94
Content-Type: application/x-www-form-urlencoded
Content-Length: 517
user-agent: HUAWEI MAR-LX1M/android: 10/TCSMB/5.8.1

phone=%2B79505830388&mobile_device_model=MAR-LX1M&mobile_device_os=android&appVersion=5.8.1&screen_width=1080&root_flag=false&appName=mobile&origin=mobile%2Cib5%2Cloyalty%2Cplatform&connectionType=WiFi&platform=android&screen_dpi=480&mobile_device_os_version=10&screen_height=2107&appsflyer_uid=1610221902223-9226330507306162632&fingerprint=HUAWEI%20MAR-LX1M%2Fandroid%3A%2010%2FTCSMB%2F5.8.1%23%23%231080x2312x32%23%23%23180%23%23%23false%23%23%23false%23%23%23&deviceId=29bdaa0ecbb24723&oldDeviceId=29bdaa0ecbb24723
--> END POST (517-byte body)
<-- 200 https://api.tinkoff.ru/v1/auth/by/phone?sessionid=lXrLTv7ebGzVcfyMYR5aIN0zl8mLiZR5.m1-prod-api94 (73ms)
date: Sat, 09 Jul 2022 10:35:11 GMT
content-type: application/json;charset=UTF-8
content-length: 264
access-control-allow-methods: GET, POST, PUT, DELETE, HEAD
cache-control: max-age=1
expires: Sat, 09 Jul 2022 10:35:12 GMT
last-modified: Sat, 09 Jul 2022 10:39:00 GMT
content-language: ru
server: MSX Turbo R (R900) Web Server 1.13
x-powered-by: MSX Basic Web Clustered Engine (WCE pi) - NG
pragma: no-cache
cache-control: no-cache, must-revalidate, proxy-revalidate, no-store
x-edge-processing-time: 30
strict-transport-security: max-age=63072000

{"trackingId":"12HDPNBRT","operationTicket":"-4436710397227038890","initialOperation":"auth/by/phone","resultCode":"WAITING_CONFIRMATION","confirmations":["SMSBYID"],"confirmationData":{"SMSBYID":{"codeLength":4,"confirmationType":"SMSBYID","codeType":"Numeric"}}}
<-- END HTTP (264-byte body)
password sms:
6725
--> POST https://api.tinkoff.ru/v1/confirm?sessionid=lXrLTv7ebGzVcfyMYR5aIN0zl8mLiZR5.m1-prod-api94
Content-Type: application/x-www-form-urlencoded
Content-Length: 625
user-agent: HUAWEI MAR-LX1M/android: 10/TCSMB/5.8.1

initialOperationTicket=-4436710397227038890&initialOperation=auth%2Fby%2Fphone&confirmationData=%7B%22SMSBYID%22%3A%226725%22%7D&mobile_device_model=MAR-LX1M&mobile_device_os=android&appVersion=5.8.1&screen_width=1080&root_flag=false&appName=mobile&origin=mobile%2Cib5%2Cloyalty%2Cplatform&connectionType=WiFi&platform=android&screen_dpi=480&mobile_device_os_version=10&screen_height=2107&appsflyer_uid=1610221902223-9226330507306162632&fingerprint=HUAWEI%20MAR-LX1M%2Fandroid%3A%2010%2FTCSMB%2F5.8.1%23%23%231080x2312x32%23%23%23180%23%23%23false%23%23%23false%23%23%23&deviceId=29bdaa0ecbb24723&oldDeviceId=29bdaa0ecbb24723
--> END POST (625-byte body)
<-- 200 https://api.tinkoff.ru/v1/confirm?sessionid=lXrLTv7ebGzVcfyMYR5aIN0zl8mLiZR5.m1-prod-api94 (169ms)
date: Sat, 09 Jul 2022 10:39:12 GMT
content-type: application/json;charset=UTF-8
content-length: 255
access-control-allow-origin: *
access-control-allow-methods: GET, POST, PUT, DELETE, HEAD
cache-control: max-age=1
expires: Sat, 09 Jul 2022 10:39:13 GMT
last-modified: Sat, 09 Jul 2022 10:39:12 GMT
server: MSX Turbo R (R900) Web Server 1.13
x-powered-by: MSX Basic Web Clustered Engine (WCE pi) - NG
pragma: no-cache
cache-control: no-cache, must-revalidate, proxy-revalidate, no-store
x-edge-processing-time: 133
strict-transport-security: max-age=63072000

{"resultCode":"OK","payload":{"key":"93e871124947b8b2af0304753fa2d180","accessLevel":"CANDIDATE","hasPassword":true,"noClient":false,"firstName":"Алексей","userId":"44251225","ssoId":"35dc75b9-d7f9-4d4b-8ebe-71f35a089756"},"trackingId":"9GC89BL88"}
<-- END HTTP (255-byte body)
--> POST https://api.tinkoff.ru/v1/ping?sessionid=lXrLTv7ebGzVcfyMYR5aIN0zl8mLiZR5.m1-prod-api94
Content-Type: application/x-www-form-urlencoded
Content-Length: 496
user-agent: HUAWEI MAR-LX1M/android: 10/TCSMB/5.8.1

mobile_device_model=MAR-LX1M&mobile_device_os=android&appVersion=5.8.1&screen_width=1080&root_flag=false&appName=mobile&origin=mobile%2Cib5%2Cloyalty%2Cplatform&connectionType=WiFi&platform=android&screen_dpi=480&mobile_device_os_version=10&screen_height=2107&appsflyer_uid=1610221902223-9226330507306162632&fingerprint=HUAWEI%20MAR-LX1M%2Fandroid%3A%2010%2FTCSMB%2F5.8.1%23%23%231080x2312x32%23%23%23180%23%23%23false%23%23%23false%23%23%23&deviceId=29bdaa0ecbb24723&oldDeviceId=29bdaa0ecbb24723
--> END POST (496-byte body)
<-- 200 https://api.tinkoff.ru/v1/ping?sessionid=lXrLTv7ebGzVcfyMYR5aIN0zl8mLiZR5.m1-prod-api94 (39ms)
date: Sat, 09 Jul 2022 10:39:12 GMT
content-type: application/json;charset=UTF-8
content-length: 251
access-control-allow-origin: *
access-control-allow-methods: GET, POST, PUT, DELETE, HEAD
cache-control: max-age=1
expires: Sat, 09 Jul 2022 10:39:13 GMT
last-modified: Sat, 09 Jul 2022 10:39:12 GMT
server: MSX Turbo R (R900) Web Server 1.13
x-powered-by: MSX Basic Web Clustered Engine (WCE pi) - NG
pragma: no-cache
cache-control: no-cache, must-revalidate, proxy-revalidate, no-store
x-edge-processing-time: 19
strict-transport-security: max-age=63072000

{"resultCode":"OK","payload":{"ssoId":"35dc75b9-d7f9-4d4b-8ebe-71f35a089756","accessLevel":"CANDIDATE","unreadMessagesCount":0,"additionalAuth":{"needLogin":false,"needPassword":true,"needRegister":false},"userId":"44251225"},"trackingId":"9FX6NYGAP"}
<-- END HTTP (251-byte body)
--> POST https://api.tinkoff.ru/v1/auth/by/password?sessionid=lXrLTv7ebGzVcfyMYR5aIN0zl8mLiZR5.m1-prod-api94
Content-Type: application/x-www-form-urlencoded
Content-Length: 510
user-agent: HUAWEI MAR-LX1M/android: 10/TCSMB/5.8.1

password=1234&mobile_device_model=MAR-LX1M&mobile_device_os=android&appVersion=5.8.1&screen_width=1080&root_flag=false&appName=mobile&origin=mobile%2Cib5%2Cloyalty%2Cplatform&connectionType=WiFi&platform=android&screen_dpi=480&mobile_device_os_version=10&screen_height=2107&appsflyer_uid=1610221902223-9226330507306162632&fingerprint=HUAWEI%20MAR-LX1M%2Fandroid%3A%2010%2FTCSMB%2F5.8.1%23%23%231080x2312x32%23%23%23180%23%23%23false%23%23%23false%23%23%23&deviceId=29bdaa0ecbb24723&oldDeviceId=29bdaa0ecbb24723
--> END POST (510-byte body)
<-- 200 https://api.tinkoff.ru/v1/auth/by/password?sessionid=lXrLTv7ebGzVcfyMYR5aIN0zl8mLiZR5.m1-prod-api94 (107ms)
date: Sat, 09 Jul 2022 10:39:12 GMT
content-type: application/json;charset=UTF-8
content-length: 180
access-control-allow-methods: GET, POST, PUT, DELETE, HEAD
cache-control: max-age=1
expires: Sat, 09 Jul 2022 10:39:13 GMT
last-modified: Sat, 09 Jul 2022 10:39:12 GMT
server: MSX Turbo R (R900) Web Server 1.13
x-powered-by: MSX Basic Web Clustered Engine (WCE pi) - NG
pragma: no-cache
cache-control: no-cache, must-revalidate, proxy-revalidate, no-store
x-edge-processing-time: 88
strict-transport-security: max-age=63072000

{"resultCode":"INVALID_PASSWORD","errorMessage":"4DKF3QYXH - Неправильный пароль","plainMessage":"Неправильный пароль","trackingId":"4DKF3QYXH"}
<-- END HTTP (180-byte body)
ru.mejiomah17.tinkoff.api.WrongPasswordException
Exception in thread "main" ru.mejiomah17.tinkoff.api.WrongPasswordException
	at ru.mejiomah17.tinkoff.api.Tinkoff$Companion.authByPassword(Tinkoff.kt:429)
	at ru.mejiomah17.tinkoff.api.Tinkoff$Companion.create(Tinkoff.kt:122)
	at ru.mejiomah17.tinkoff.api.TinkoffKt.main(Tinkoff.kt:39)
	at ru.mejiomah17.tinkoff.api.TinkoffKt.main(Tinkoff.kt)

Process finished with exit code 1
